<?xml version="1.0" encoding="UTF-8"?>
<testng-results ignored="0" total="1" passed="1" failed="0" skipped="0">
  <reporter-output>
  </reporter-output>
  <suite started-at="2025-05-26T11:38:42 IST" name="Default suite" finished-at="2025-05-26T11:38:55 IST" duration-ms="13301">
    <groups>
    </groups>
    <test started-at="2025-05-26T11:38:42 IST" name="Default test" finished-at="2025-05-26T11:38:55 IST" duration-ms="13301">
      <class name="selinium.Login">
        <test-method is-config="true" signature="setup()[pri:0, instance:selinium.Login@3857f613]" started-at="2025-05-26T11:38:42 IST" name="setup" finished-at="2025-05-26T11:38:44 IST" duration-ms="1964" status="PASS">
          <reporter-output>
          </reporter-output>
        </test-method> <!-- setup -->
        <test-method signature="use()[pri:0, instance:selinium.Login@3857f613]" started-at="2025-05-26T11:38:44 IST" name="use" finished-at="2025-05-26T11:38:55 IST" duration-ms="11241" status="PASS">
          <reporter-output>
          </reporter-output>
        </test-method> <!-- use -->
      </class> <!-- selinium.Login -->
    </test> <!-- Default test -->
  </suite> <!-- Default suite -->
</testng-results>
